app/build/outputs/logs/manifest-merger-debug-report.txt
-- Merging decision tree log ---
manifest
ADDED from src\main\AndroidManifest.xml:2:1-156:12
	package
		ADDED from src\main\AndroidManifest.xml:3:5-30
		INJECTED from src\main\AndroidManifest.xml
		INJECTED from src\main\AndroidManifest.xml
	android:versionName
		ADDED from src\main\AndroidManifest.xml:5:5-30
		INJECTED from src\main\AndroidManifest.xml
		INJECTED from src\main\AndroidManifest.xml
	android:versionCode
		ADDED from src\main\AndroidManifest.xml:4:5-28
		INJECTED from src\main\AndroidManifest.xml
		INJECTED from src\main\AndroidManifest.xml
	xmlns:android
		ADDED from src\main\AndroidManifest.xml:2:11-69
uses-sdk
ADDED from src\main\AndroidManifest.xml:7:5-9:41
MERGED from [com.android.support:appcompat-v7:23.2.1] AndroidManifest.xml:21:5-23:78
MERGED from [com.android.support:support-v4:23.2.1] AndroidManifest.xml:20:5-43
MERGED from [com.android.support:animated-vector-drawable:23.2.1] AndroidManifest.xml:5:5-44
MERGED from [com.android.support:support-vector-drawable:23.2.1] AndroidManifest.xml:5:5-43
MERGED from [com.android.support:support-v4:23.2.1] AndroidManifest.xml:20:5-43
MERGED from [com.android.support:support-vector-drawable:23.2.1] AndroidManifest.xml:5:5-43
MERGED from [com.android.support:support-v4:23.2.1] AndroidManifest.xml:20:5-43
MERGED from [com.android.support:support-v4:23.2.1] AndroidManifest.xml:20:5-43
MERGED from [com.android.support:design:23.2.1] AndroidManifest.xml:20:5-43
MERGED from [com.android.support:support-v4:23.2.1] AndroidManifest.xml:20:5-43
MERGED from [com.android.support:appcompat-v7:23.2.1] AndroidManifest.xml:21:5-23:78
MERGED from [com.android.support:support-v4:23.2.1] AndroidManifest.xml:20:5-43
MERGED from [com.android.support:animated-vector-drawable:23.2.1] AndroidManifest.xml:5:5-44
MERGED from [com.android.support:support-vector-drawable:23.2.1] AndroidManifest.xml:5:5-43
MERGED from [com.android.support:support-v4:23.2.1] AndroidManifest.xml:20:5-43
MERGED from [com.android.support:support-vector-drawable:23.2.1] AndroidManifest.xml:5:5-43
MERGED from [com.android.support:support-v4:23.2.1] AndroidManifest.xml:20:5-43
MERGED from [com.android.support:recyclerview-v7:23.2.1] AndroidManifest.xml:20:5-43
MERGED from [com.android.support:support-v4:23.2.1] AndroidManifest.xml:20:5-43
MERGED from [com.android.support:cardview-v7:23.2.1] AndroidManifest.xml:20:5-43
MERGED from [com.android.support:recyclerview-v7:23.2.1] AndroidManifest.xml:20:5-43
MERGED from [com.android.support:support-v4:23.2.1] AndroidManifest.xml:20:5-43
	tools:overrideLibrary
		ADDED from [com.android.support:appcompat-v7:23.2.1] AndroidManifest.xml:23:9-75
	android:targetSdkVersion
		ADDED from src\main\AndroidManifest.xml:9:9-38
		INJECTED from src\main\AndroidManifest.xml
		INJECTED from src\main\AndroidManifest.xml
	android:minSdkVersion
		ADDED from src\main\AndroidManifest.xml:8:9-35
		INJECTED from src\main\AndroidManifest.xml
		INJECTED from src\main\AndroidManifest.xml
android:uses-permission#android.permission.WRITE_EXTERNAL_STORAGE
ADDED from src\main\AndroidManifest.xml:11:5-89
	android:name
		ADDED from src\main\AndroidManifest.xml:11:30-86
android:uses-permission#android.permission.READ_PHONE_STATE
ADDED from src\main\AndroidManifest.xml:12:5-83
	android:name
		ADDED from src\main\AndroidManifest.xml:12:30-80
android:uses-permission#android.permission.READ_EXTERNAL_STORAGE
ADDED from src\main\AndroidManifest.xml:13:5-88
	android:name
		ADDED from src\main\AndroidManifest.xml:13:30-85
uses-permission#android.permission.INTERNET
ADDED from src\main\AndroidManifest.xml:15:5-67
	android:name
		ADDED from src\main\AndroidManifest.xml:15:22-64
intent-filter#android.intent.action.SEARCH
ADDED from src\main\AndroidManifest.xml:17:5-19:21
action#android.intent.action.SEARCH
ADDED from src\main\AndroidManifest.xml:18:9-63
	android:name
		ADDED from src\main\AndroidManifest.xml:18:17-60
application
ADDED from src\main\AndroidManifest.xml:21:5-154:19
MERGED from [com.android.support:appcompat-v7:23.2.1] AndroidManifest.xml:25:5-20
MERGED from [com.android.support:support-v4:23.2.1] AndroidManifest.xml:22:5-20
MERGED from [com.android.support:animated-vector-drawable:23.2.1] AndroidManifest.xml:7:5-20
MERGED from [com.android.support:support-vector-drawable:23.2.1] AndroidManifest.xml:7:5-20
MERGED from [com.android.support:support-v4:23.2.1] AndroidManifest.xml:22:5-20
MERGED from [com.android.support:support-vector-drawable:23.2.1] AndroidManifest.xml:7:5-20
MERGED from [com.android.support:support-v4:23.2.1] AndroidManifest.xml:22:5-20
MERGED from [com.android.support:support-v4:23.2.1] AndroidManifest.xml:22:5-20
MERGED from [com.android.support:design:23.2.1] AndroidManifest.xml:22:5-20
MERGED from [com.android.support:support-v4:23.2.1] AndroidManifest.xml:22:5-20
MERGED from [com.android.support:appcompat-v7:23.2.1] AndroidManifest.xml:25:5-20
MERGED from [com.android.support:support-v4:23.2.1] AndroidManifest.xml:22:5-20
MERGED from [com.android.support:animated-vector-drawable:23.2.1] AndroidManifest.xml:7:5-20
MERGED from [com.android.support:support-vector-drawable:23.2.1] AndroidManifest.xml:7:5-20
MERGED from [com.android.support:support-v4:23.2.1] AndroidManifest.xml:22:5-20
MERGED from [com.android.support:support-vector-drawable:23.2.1] AndroidManifest.xml:7:5-20
MERGED from [com.android.support:support-v4:23.2.1] AndroidManifest.xml:22:5-20
MERGED from [com.android.support:support-v4:23.2.1] AndroidManifest.xml:22:5-20
MERGED from [com.android.support:cardview-v7:23.2.1] AndroidManifest.xml:22:5-20
MERGED from [com.android.support:support-v4:23.2.1] AndroidManifest.xml:22:5-20
	android:label
		ADDED from src\main\AndroidManifest.xml:25:9-41
	android:hardwareAccelerated
		ADDED from src\main\AndroidManifest.xml:23:9-43
	android:allowBackup
		ADDED from src\main\AndroidManifest.xml:22:9-35
	android:icon
		ADDED from src\main\AndroidManifest.xml:24:9-45
	android:theme
		ADDED from src\main\AndroidManifest.xml:26:9-40
activity#com.demo.gravid.SplashScreen
ADDED from src\main\AndroidManifest.xml:27:9-35:20
	android:label
		ADDED from src\main\AndroidManifest.xml:29:13-45
	android:name
		ADDED from src\main\AndroidManifest.xml:28:13-41
intent-filter#android.intent.action.MAIN+android.intent.category.LAUNCHER
ADDED from src\main\AndroidManifest.xml:30:13-34:29
action#android.intent.action.MAIN
ADDED from src\main\AndroidManifest.xml:31:17-69
	android:name
		ADDED from src\main\AndroidManifest.xml:31:25-66
category#android.intent.category.LAUNCHER
ADDED from src\main\AndroidManifest.xml:33:17-77
	android:name
		ADDED from src\main\AndroidManifest.xml:33:27-74
activity#com.demo.gravid.MainActivity
ADDED from src\main\AndroidManifest.xml:37:9-40:48
	android:label
		ADDED from src\main\AndroidManifest.xml:40:13-45
	android:configChanges
		ADDED from src\main\AndroidManifest.xml:39:13-59
	android:name
		ADDED from src\main\AndroidManifest.xml:38:13-41
activity#com.demo.gravid.SettingsActivity
ADDED from src\main\AndroidManifest.xml:41:9-50:20
	android:enabled
		ADDED from src\main\AndroidManifest.xml:43:13-35
	android:label
		ADDED from src\main\AndroidManifest.xml:44:13-60
	android:parentActivityName
		ADDED from src\main\AndroidManifest.xml:45:13-55
	android:theme
		ADDED from src\main\AndroidManifest.xml:46:13-44
	android:name
		ADDED from src\main\AndroidManifest.xml:42:13-45
intent-filter#android.intent.category.PREFERENCE
ADDED from src\main\AndroidManifest.xml:47:13-49:29
category#android.intent.category.PREFERENCE
ADDED from src\main\AndroidManifest.xml:48:17-79
	android:name
		ADDED from src\main\AndroidManifest.xml:48:27-76
meta-data#android.support.PARENT_ACTIVITY
ADDED from src\main\AndroidManifest.xml:52:9-54:60
	android:value
		ADDED from src\main\AndroidManifest.xml:54:13-57
	android:name
		ADDED from src\main\AndroidManifest.xml:53:13-59
activity#com.demo.gravid.ForumActivity
ADDED from src\main\AndroidManifest.xml:56:9-60:47
	android:label
		ADDED from src\main\AndroidManifest.xml:58:13-41
	android:parentActivityName
		ADDED from src\main\AndroidManifest.xml:59:13-55
	android:theme
		ADDED from src\main\AndroidManifest.xml:60:13-44
	android:name
		ADDED from src\main\AndroidManifest.xml:57:13-42
activity#com.demo.gravid.RegisterActivity
ADDED from src\main\AndroidManifest.xml:62:9-70:20
	android:label
		ADDED from src\main\AndroidManifest.xml:64:13-60
	android:parentActivityName
		ADDED from src\main\AndroidManifest.xml:65:13-57
	android:theme
		ADDED from src\main\AndroidManifest.xml:66:13-44
	android:name
		ADDED from src\main\AndroidManifest.xml:63:13-45
activity#com.demo.gravid.SearchActivity
ADDED from src\main\AndroidManifest.xml:71:9-75:47
	android:label
		ADDED from src\main\AndroidManifest.xml:73:13-42
	android:parentActivityName
		ADDED from src\main\AndroidManifest.xml:74:13-55
	android:theme
		ADDED from src\main\AndroidManifest.xml:75:13-44
	android:name
		ADDED from src\main\AndroidManifest.xml:72:13-43
activity#com.demo.gravid.DictionaryActivity
ADDED from src\main\AndroidManifest.xml:76:9-78:45
	android:label
		ADDED from src\main\AndroidManifest.xml:78:13-42
	android:name
		ADDED from src\main\AndroidManifest.xml:77:13-47
activity#com.demo.gravid.DictActivity
ADDED from src\main\AndroidManifest.xml:79:9-83:47
	android:label
		ADDED from src\main\AndroidManifest.xml:81:13-56
	android:parentActivityName
		ADDED from src\main\AndroidManifest.xml:82:13-57
	android:theme
		ADDED from src\main\AndroidManifest.xml:83:13-44
	android:name
		ADDED from src\main\AndroidManifest.xml:80:13-41
activity#com.demo.gravid.About
ADDED from src\main\AndroidManifest.xml:84:9-92:20
	android:label
		ADDED from src\main\AndroidManifest.xml:86:13-57
	android:parentActivityName
		ADDED from src\main\AndroidManifest.xml:87:13-55
	android:theme
		ADDED from src\main\AndroidManifest.xml:88:13-44
	android:name
		ADDED from src\main\AndroidManifest.xml:85:13-34
activity#com.demo.gravid.LoginActivity
ADDED from src\main\AndroidManifest.xml:93:9-51
	android:name
		ADDED from src\main\AndroidManifest.xml:93:19-48
activity#com.demo.gravid.WeeksActivity
ADDED from src\main\AndroidManifest.xml:94:9-102:20
	android:label
		ADDED from src\main\AndroidManifest.xml:96:13-57
	android:parentActivityName
		ADDED from src\main\AndroidManifest.xml:97:13-55
	android:theme
		ADDED from src\main\AndroidManifest.xml:98:13-44
	android:name
		ADDED from src\main\AndroidManifest.xml:95:13-42
activity#com.demo.doctor.DoctorActivity
ADDED from src\main\AndroidManifest.xml:103:9-106:46
	android:label
		ADDED from src\main\AndroidManifest.xml:105:13-58
	android:theme
		ADDED from src\main\AndroidManifest.xml:106:13-44
	android:name
		ADDED from src\main\AndroidManifest.xml:104:13-58
activity#com.demo.doctor.DoctorViewActivity
ADDED from src\main\AndroidManifest.xml:107:9-71
	android:name
		ADDED from src\main\AndroidManifest.xml:107:19-68
activity#com.demo.doctor.DoctorViewPActivity
ADDED from src\main\AndroidManifest.xml:108:9-116:20
	android:label
		ADDED from src\main\AndroidManifest.xml:110:13-65
	android:parentActivityName
		ADDED from src\main\AndroidManifest.xml:111:13-76
	android:theme
		ADDED from src\main\AndroidManifest.xml:112:13-44
	android:name
		ADDED from src\main\AndroidManifest.xml:109:13-63
activity#com.demo.doctor.DoctorDiagActivity
ADDED from src\main\AndroidManifest.xml:117:9-125:20
	android:label
		ADDED from src\main\AndroidManifest.xml:119:13-63
	android:parentActivityName
		ADDED from src\main\AndroidManifest.xml:120:13-76
	android:theme
		ADDED from src\main\AndroidManifest.xml:121:13-44
	android:name
		ADDED from src\main\AndroidManifest.xml:118:13-62
activity#com.demo.doctor.DoctorNewPActivity
ADDED from src\main\AndroidManifest.xml:126:9-134:20
	android:label
		ADDED from src\main\AndroidManifest.xml:128:13-64
	android:parentActivityName
		ADDED from src\main\AndroidManifest.xml:129:13-76
	android:theme
		ADDED from src\main\AndroidManifest.xml:130:13-44
	android:name
		ADDED from src\main\AndroidManifest.xml:127:13-62
activity#com.demo.doctor.DoctorViewAllActivity
ADDED from src\main\AndroidManifest.xml:135:9-143:20
	android:label
		ADDED from src\main\AndroidManifest.xml:137:13-67
	android:parentActivityName
		ADDED from src\main\AndroidManifest.xml:138:13-76
	android:theme
		ADDED from src\main\AndroidManifest.xml:139:13-44
	android:name
		ADDED from src\main\AndroidManifest.xml:136:13-65
activity#com.demo.doctor.DoctorNewDActivity
ADDED from src\main\AndroidManifest.xml:144:9-152:20
	android:label
		ADDED from src\main\AndroidManifest.xml:146:13-64
	android:parentActivityName
		ADDED from src\main\AndroidManifest.xml:147:13-76
	android:theme
		ADDED from src\main\AndroidManifest.xml:148:13-44
	android:name
		ADDED from src\main\AndroidManifest.xml:145:13-62
activity#com.demo.gravid.SelectActivity
ADDED from src\main\AndroidManifest.xml:153:9-52
	android:name
		ADDED from src\main\AndroidManifest.xml:153:19-49